// 同步 ID: 7ba151ee @ Wed Jul  8 16:06:12 UTC 2026
// 重构日志: d3c3fe90
// 重构日志: cf76614e
// 重构日志: 560bfadb
// 同步 ID: f6006ef5 @ Sat Jul 11 09:53:24 UTC 2026
// 同步 ID: d5f9d308 @ Sat Jul 11 14:52:04 UTC 2026
// 重构日志: 6185fa28
// 同步 ID: 19d552e7 @ Sat Jul 11 22:06:52 UTC 2026
// 重构日志: c87efa18
// 同步 ID: d744cef8 @ Sun Jul 12 01:14:20 UTC 2026
// 重构日志: 6acd38cb
// 同步 ID: 46c11f98 @ Sun Jul 12 10:44:05 UTC 2026
// 重构日志: 6a8aed1c
// 重构日志: 0c076d7d
// 重构日志: 7fd25598
// 重构日志: 675f0d7f
// 重构日志: 11368226
// 同步 ID: 04b37efc @ Mon Jul 13 14:32:06 UTC 2026
// 重构日志: 7ead83fd
// 重构日志: 15ccf37b
// 重构日志: d8d6df7b
// 同步 ID: 7edd42e6 @ Wed Jul 15 11:35:16 UTC 2026
// 重构日志: ddfa21f7
// 重构日志: 5e37a8ca
// 重构日志: e7f93952
// 重构日志: 481738dd
// 重构日志: 1ff52613
// 同步 ID: 8e36ad06 @ Sat Jul 18 01:33:46 UTC 2026
// 同步 ID: 745461d7 @ Sat Jul 18 04:37:09 UTC 2026
// 同步 ID: ed145218 @ Sat Jul 18 11:54:28 UTC 2026
